<?xml version="1.0" encoding="UTF-8"?>
<!-- Generated by org.testng.reporters.JUnitReportReporter -->
<testsuite hostname="kip.local" failures="0" tests="8" name="ChallengeOne" time="8.309" errors="0" timestamp="2021-04-07T19:04:59 EEST" skipped="0">
  <testcase classname="ChallengeOne" name="submitFirstName" time="0.999"/>
  <system-out/>
  <testcase classname="ChallengeOne" name="submitFirstName" time="1.126"/>
  <system-out/>
  <testcase classname="ChallengeOne" name="submitFirstName" time="0.937"/>
  <system-out/>
  <testcase classname="ChallengeOne" name="submitFirstName" time="0.999"/>
  <system-out/>
  <testcase classname="ChallengeOne" name="submitFirstName" time="1.054"/>
  <system-out/>
  <testcase classname="ChallengeOne" name="submitFirstName" time="1.262"/>
  <system-out/>
  <testcase classname="ChallengeOne" name="submitFirstName" time="0.908"/>
  <system-out/>
  <testcase classname="ChallengeOne" name="submitFirstName" time="1.024"/>
  <system-out/>
</testsuite> <!-- ChallengeOne -->
