<?xml version="1.0" encoding="UTF-8"?>
<!-- Generated by org.testng.reporters.JUnitReportReporter -->
<testsuite hostname="kip.local" failures="0" tests="1" name="ChallengeFour" time="6.407" errors="0" timestamp="2021-04-07T19:04:59 EEST" skipped="0">
  <testcase classname="ChallengeFour" name="inputCNP" time="6.407"/>
  <system-out/>
</testsuite> <!-- ChallengeFour -->
